<?xml version="1.0" encoding="utf-8"?><testsuites><testsuite name="pytest" errors="0" failures="0" skipped="0" tests="9" time="1.469" timestamp="2022-01-19T10:36:06.748623" hostname="PORT3010"><testcase classname="tests.test_autoui.TestUi" name="test_auto_ui" time="0.040" /><testcase classname="tests.test_autoui.TestUi" name="test_iterables_array" time="0.049" /><testcase classname="tests.test_autoui.TestUi" name="test_iterables_dict" time="0.046" /><testcase classname="tests.test_autoui.TestUi" name="test_display_file" time="0.044" /><testcase classname="tests.test_autoui.TestUi" name="test_grid" time="0.009" /><testcase classname="tests.test_autoui.TestUi" name="test_model_run" time="0.017" /><testcase classname="tests.test_autoui.TestUi" name="test_multiselect_search" time="0.033" /><testcase classname="tests.test_autoui.TestUi" name="test_save_button_bar" time="0.022" /><testcase classname="tests.test_autoui.TestUi" name="test_load_project" time="0.014" /></testsuite></testsuites>