<?xml version="1.0" encoding="utf-8"?><testsuites><testsuite name="pytest" errors="0" failures="0" skipped="0" tests="3" time="1.881" timestamp="2022-01-18T17:19:57.639123" hostname="PORT3010"><testcase classname="tests.test_autoui.TestUi" name="test_auto_ui" time="0.054" /><testcase classname="tests.test_autoui.TestUi" name="test_iterables_array" time="0.066" /><testcase classname="tests.test_autoui.TestUi" name="test_iterables_dict" time="0.065" /></testsuite></testsuites>