<?xml version="1.0" encoding="utf-8"?><testsuites><testsuite name="pytest" errors="0" failures="0" skipped="0" tests="9" time="1.387" timestamp="2022-01-19T10:37:53.453029" hostname="PORT3010"><testcase classname="tests.test_autoui.TestUi" name="test_auto_ui" time="0.033" /><testcase classname="tests.test_autoui.TestUi" name="test_iterables_array" time="0.045" /><testcase classname="tests.test_autoui.TestUi" name="test_iterables_dict" time="0.043" /><testcase classname="tests.test_autoui.TestUi" name="test_display_file" time="0.042" /><testcase classname="tests.test_autoui.TestUi" name="test_grid" time="0.007" /><testcase classname="tests.test_autoui.TestUi" name="test_model_run" time="0.014" /><testcase classname="tests.test_autoui.TestUi" name="test_multiselect_search" time="0.029" /><testcase classname="tests.test_autoui.TestUi" name="test_save_button_bar" time="0.018" /><testcase classname="tests.test_autoui.TestUi" name="test_load_project" time="0.012" /></testsuite></testsuites>