<?xml version="1.0" encoding="utf-8"?><testsuites><testsuite name="pytest" errors="0" failures="0" skipped="0" tests="15" time="2.575" timestamp="2022-01-31T13:53:55.172121" hostname="PORT3010"><testcase classname="tests.test_autoui.TestUi" name="test_auto_ui" time="0.057" /><testcase classname="tests.test_autoui.TestUi" name="test_display_file" time="0.070" /><testcase classname="tests.test_custom.TestCustom" name="test_iterables_array" time="0.092" /><testcase classname="tests.test_custom.TestCustom" name="test_iterables_dict" time="0.066" /><testcase classname="tests.test_custom.TestCustom" name="test_grid" time="0.012" /><testcase classname="tests.test_custom.TestCustom" name="test_model_run" time="0.025" /><testcase classname="tests.test_custom.TestCustom" name="test_multiselect_search" time="0.043" /><testcase classname="tests.test_custom.TestCustom" name="test_save_button_bar" time="0.026" /><testcase classname="tests.test_custom.TestCustom" name="test_load_project" time="0.021" /><testcase classname="tests.test_custom.TestCustom" name="test_button_bar" time="0.028" /><testcase classname="tests.test_custom.TestCustom" name="test_base_form" time="0.069" /><testcase classname="tests.test_custom.TestCustom" name="test_base_form_set_value" time="0.081" /><testcase classname="tests.test_custom.TestCustom" name="test_grid_wrapper" time="0.009" /><testcase classname="tests.test_custom.TestCustom" name="test_grid_wrapper_from_dict_method" time="0.011" /><testcase classname="tests.test_custom.TestCustom" name="test_edit_grid" time="0.107" /></testsuite></testsuites>