<?xml version="1.0" encoding="utf-8"?><testsuites><testsuite name="pytest" errors="0" failures="0" skipped="0" tests="4" time="1.343" timestamp="2022-01-19T10:01:24.506154" hostname="PORT3010"><testcase classname="tests.test_autoui.TestUi" name="test_auto_ui" time="0.033" /><testcase classname="tests.test_autoui.TestUi" name="test_iterables_array" time="0.061" /><testcase classname="tests.test_autoui.TestUi" name="test_iterables_dict" time="0.045" /><testcase classname="tests.test_autoui.TestUi" name="test_display_file" time="0.039" /></testsuite></testsuites>