<?xml version="1.0" encoding="utf-8"?><testsuites><testsuite name="pytest" errors="0" failures="0" skipped="0" tests="15" time="1.639" timestamp="2022-01-31T14:57:12.604355" hostname="PORT3010"><testcase classname="tests.test_autoui.TestUi" name="test_auto_ui" time="0.036" /><testcase classname="tests.test_autoui.TestUi" name="test_display_file" time="0.045" /><testcase classname="tests.test_custom.TestCustom" name="test_iterables_array" time="0.047" /><testcase classname="tests.test_custom.TestCustom" name="test_iterables_dict" time="0.046" /><testcase classname="tests.test_custom.TestCustom" name="test_grid" time="0.007" /><testcase classname="tests.test_custom.TestCustom" name="test_model_run" time="0.013" /><testcase classname="tests.test_custom.TestCustom" name="test_multiselect_search" time="0.029" /><testcase classname="tests.test_custom.TestCustom" name="test_save_button_bar" time="0.017" /><testcase classname="tests.test_custom.TestCustom" name="test_load_project" time="0.012" /><testcase classname="tests.test_custom.TestCustom" name="test_button_bar" time="0.018" /><testcase classname="tests.test_custom.TestCustom" name="test_base_form" time="0.047" /><testcase classname="tests.test_custom.TestCustom" name="test_base_form_set_value" time="0.048" /><testcase classname="tests.test_custom.TestCustom" name="test_grid_wrapper" time="0.007" /><testcase classname="tests.test_custom.TestCustom" name="test_grid_wrapper_from_dict_method" time="0.007" /><testcase classname="tests.test_custom.TestCustom" name="test_edit_grid" time="0.085" /></testsuite></testsuites>