<?xml version="1.0" encoding="utf-8"?><testsuites><testsuite name="pytest" errors="0" failures="0" skipped="0" tests="0" time="2.133" timestamp="2022-01-18T16:35:09.406421" hostname="PORT3010" /></testsuites>